<?xml version="1.0" encoding="UTF-8"?>
<!-- Generated by org.testng.reporters.JUnitReportReporter -->
<testsuite hostname="lovepreet" name="com.MakeMyTrip.TestCases.BookwithoutLogin" tests="1" failures="0" timestamp="14 Dec 2020 09:53:40 GMT" time="80.181" errors="0">
  <testcase name="SearchProductAutomatically" time="80.181" classname="com.MakeMyTrip.TestCases.BookwithoutLogin"/>
</testsuite> <!-- com.MakeMyTrip.TestCases.BookwithoutLogin -->
