<?xml version="1.0" encoding="UTF-8"?>
<!-- Generated by org.testng.reporters.JUnitReportReporter -->
<testsuite hostname="lovepreet" name="com.MakeMyTrip.TestCases.Bookwithlogin" tests="1" failures="0" timestamp="14 Dec 2020 10:04:43 GMT" time="115.544" errors="0">
  <testcase name="SearchProductAutomatically" time="115.544" classname="com.MakeMyTrip.TestCases.Bookwithlogin"/>
</testsuite> <!-- com.MakeMyTrip.TestCases.Bookwithlogin -->
